<?xml version="1.0" encoding="UTF-8"?>
<testng-results skipped="0" failed="0" ignored="0" total="2" passed="2">
  <reporter-output>
  </reporter-output>
  <suite name="TestRunner.TestRunner" duration-ms="147682" started-at="2019-12-14T11:33:40Z" finished-at="2019-12-14T11:36:08Z">
    <groups>
    </groups>
    <test name="Command line test" duration-ms="147682" started-at="2019-12-14T11:33:40Z" finished-at="2019-12-14T11:36:08Z">
      <class name="TestRunner.TestRunner">
        <test-method status="PASS" signature="setUpClass()[pri:0, instance:TestRunner.TestRunner@52af6cff]" name="setUpClass" is-config="true" duration-ms="719" started-at="2019-12-14T11:33:40Z" finished-at="2019-12-14T11:33:41Z">
          <reporter-output>
          </reporter-output>
        </test-method> <!-- setUpClass -->
        <test-method status="PASS" signature="scenario(cucumber.api.testng.PickleEventWrapper, cucumber.api.testng.CucumberFeatureWrapper)[pri:0, instance:TestRunner.TestRunner@52af6cff]" name="scenario" duration-ms="77281" started-at="2019-12-14T11:33:41Z" data-provider="scenarios" finished-at="2019-12-14T11:34:58Z">
          <params>
            <param index="0">
              <value>
                <![CDATA["user creates a computer and verify the computer is successfully created"]]>
              </value>
            </param>
            <param index="1">
              <value>
                <![CDATA["Test create computer Action"]]>
              </value>
            </param>
          </params>
          <reporter-output>
          </reporter-output>
        </test-method> <!-- scenario -->
        <test-method status="PASS" signature="scenario(cucumber.api.testng.PickleEventWrapper, cucumber.api.testng.CucumberFeatureWrapper)[pri:0, instance:TestRunner.TestRunner@52af6cff]" name="scenario" duration-ms="27496" started-at="2019-12-14T11:34:58Z" data-provider="scenarios" finished-at="2019-12-14T11:35:26Z">
          <params>
            <param index="0">
              <value>
                <![CDATA["user Edit a computer and verify the computer is successfully created create"]]>
              </value>
            </param>
            <param index="1">
              <value>
                <![CDATA["Test Edit computer Action"]]>
              </value>
            </param>
          </params>
          <reporter-output>
          </reporter-output>
        </test-method> <!-- scenario -->
        <test-method status="PASS" signature="tearDownClass()[pri:0, instance:TestRunner.TestRunner@52af6cff]" name="tearDownClass" is-config="true" duration-ms="41623" started-at="2019-12-14T11:35:26Z" finished-at="2019-12-14T11:36:08Z">
          <reporter-output>
          </reporter-output>
        </test-method> <!-- tearDownClass -->
      </class> <!-- TestRunner.TestRunner -->
    </test> <!-- Command line test -->
  </suite> <!-- TestRunner.TestRunner -->
</testng-results>
