<?xml version="1.0" encoding="UTF-8"?>
<testng-results skipped="0" failed="0" ignored="0" total="2" passed="2">
  <reporter-output>
  </reporter-output>
  <suite name="TestRunner.TestRunner" duration-ms="148845" started-at="2019-12-15T19:45:50Z" finished-at="2019-12-15T19:48:18Z">
    <groups>
    </groups>
    <test name="Command line test" duration-ms="148845" started-at="2019-12-15T19:45:50Z" finished-at="2019-12-15T19:48:18Z">
      <class name="TestRunner.TestRunner">
        <test-method status="PASS" signature="setUpClass()[pri:0, instance:TestRunner.TestRunner@52af6cff]" name="setUpClass" is-config="true" duration-ms="797" started-at="2019-12-15T19:45:50Z" finished-at="2019-12-15T19:45:50Z">
          <reporter-output>
          </reporter-output>
        </test-method> <!-- setUpClass -->
        <test-method status="PASS" signature="scenario(cucumber.api.testng.PickleEventWrapper, cucumber.api.testng.CucumberFeatureWrapper)[pri:0, instance:TestRunner.TestRunner@52af6cff]" name="scenario" duration-ms="58329" started-at="2019-12-15T19:45:51Z" data-provider="scenarios" finished-at="2019-12-15T19:46:49Z">
          <params>
            <param index="0">
              <value>
                <![CDATA["user creates a computer and verify the computer is successfully created"]]>
              </value>
            </param>
            <param index="1">
              <value>
                <![CDATA["Test create computer Action"]]>
              </value>
            </param>
          </params>
          <reporter-output>
          </reporter-output>
        </test-method> <!-- scenario -->
        <test-method status="PASS" signature="scenario(cucumber.api.testng.PickleEventWrapper, cucumber.api.testng.CucumberFeatureWrapper)[pri:0, instance:TestRunner.TestRunner@52af6cff]" name="scenario" duration-ms="45721" started-at="2019-12-15T19:46:49Z" data-provider="scenarios" finished-at="2019-12-15T19:47:35Z">
          <params>
            <param index="0">
              <value>
                <![CDATA["user Edit a computer and verify the computer is successfully created create"]]>
              </value>
            </param>
            <param index="1">
              <value>
                <![CDATA["Test Edit computer Action"]]>
              </value>
            </param>
          </params>
          <reporter-output>
          </reporter-output>
        </test-method> <!-- scenario -->
        <test-method status="PASS" signature="tearDownClass()[pri:0, instance:TestRunner.TestRunner@52af6cff]" name="tearDownClass" is-config="true" duration-ms="43383" started-at="2019-12-15T19:47:35Z" finished-at="2019-12-15T19:48:18Z">
          <reporter-output>
          </reporter-output>
        </test-method> <!-- tearDownClass -->
      </class> <!-- TestRunner.TestRunner -->
    </test> <!-- Command line test -->
  </suite> <!-- TestRunner.TestRunner -->
</testng-results>
